2023-12-24 15:01:35,670 [INFO    ] Скрипт запущен: 2023-12-24 15:01:35.669834
2023-12-24 15:01:35,751 [INFO    ] Connected (version 2.0, client OpenSSH_7.4p1)
2023-12-24 15:01:35,820 [INFO    ] Authentication (publickey) failed.
2023-12-24 15:01:35,835 [INFO    ] Connected (version 2.0, client OpenSSH_7.4p1)
2023-12-24 15:01:35,928 [INFO    ] Authentication (password) successful!
2023-12-24 15:01:35,931 [INFO    ] connected to host 92.53.64.66 base preprod_nedvizhka_db
2023-12-24 15:01:36,111 [INFO    ] yandex token valid
2023-12-24 15:01:38,942 [INFO    ] Успешно загружено 1 файлов с личного диска: ['23-12-23 (без дублей).csv'] для avito
2023-12-24 15:01:39,124 [INFO    ] yandex token valid
2023-12-24 15:01:56,941 [INFO    ] Успешно загружено 8 файлов с личного диска: ['циан 16-12-23 (без дублей).csv', 'циан 17-12-23 (без дублей).csv', 'циан 18-12-23 (без дублей).csv', 'циан 19-12-23 (без дублей).csv', 'циан 20-12-23 (без дублей).csv', 'циан 21-12-23 (без дублей).csv', 'циан 22-12-23 (без дублей).csv', 'циан 23-12-23 (без дублей).csv'] для cian
2023-12-24 15:01:56,942 [INFO    ] ready to process files ['23-12-23 (без дублей).csv'], ['циан 16-12-23 (без дублей).csv', 'циан 17-12-23 (без дублей).csv', 'циан 18-12-23 (без дублей).csv', 'циан 19-12-23 (без дублей).csv', 'циан 20-12-23 (без дублей).csv', 'циан 21-12-23 (без дублей).csv', 'циан 22-12-23 (без дублей).csv', 'циан 23-12-23 (без дублей).csv']
2023-12-24 15:02:08,009 [INFO    ] обновлен status_new в таблице realty
2023-12-24 15:02:20,451 [INFO    ] обновлен status_new в таблице prices
2023-12-24 15:02:20,454 [INFO    ] обработка файла циан 16-12-23 (без дублей).csv для cian
2023-12-24 15:02:20,485 [ERROR   ] Traceback (most recent call last):
  File "/var/www/yadisk_loader/main_utils.py", line 972, in process_realty
    saved_file = pd.read_csv(saved_files[f_ind], delimiter=',', encoding='utf8')
  File "/var/www/yadisk_loader/yadisk_venv/lib/python3.9/site-packages/pandas/util/_decorators.py", line 211, in wrapper
    return func(*args, **kwargs)
  File "/var/www/yadisk_loader/yadisk_venv/lib/python3.9/site-packages/pandas/util/_decorators.py", line 331, in wrapper
    return func(*args, **kwargs)
  File "/var/www/yadisk_loader/yadisk_venv/lib/python3.9/site-packages/pandas/io/parsers/readers.py", line 950, in read_csv
    return _read(filepath_or_buffer, kwds)
  File "/var/www/yadisk_loader/yadisk_venv/lib/python3.9/site-packages/pandas/io/parsers/readers.py", line 611, in _read
    return parser.read(nrows)
  File "/var/www/yadisk_loader/yadisk_venv/lib/python3.9/site-packages/pandas/io/parsers/readers.py", line 1778, in read
    ) = self._engine.read(  # type: ignore[attr-defined]
  File "/var/www/yadisk_loader/yadisk_venv/lib/python3.9/site-packages/pandas/io/parsers/c_parser_wrapper.py", line 230, in read
    chunks = self._reader.read_low_memory(nrows)
  File "pandas/_libs/parsers.pyx", line 808, in pandas._libs.parsers.TextReader.read_low_memory
  File "pandas/_libs/parsers.pyx", line 866, in pandas._libs.parsers.TextReader._read_rows
  File "pandas/_libs/parsers.pyx", line 852, in pandas._libs.parsers.TextReader._tokenize_rows
  File "pandas/_libs/parsers.pyx", line 1973, in pandas._libs.parsers.raise_parser_error
pandas.errors.ParserError: Error tokenizing data. C error: Expected 6 fields in line 164, saw 7


During handling of the above exception, another exception occurred:

Traceback (most recent call last):
  File "/var/www/yadisk_loader/main_utils.py", line 976, in process_realty
    saved_file = pd.read_csv(f_name, delimiter=';', encoding='utf8')
NameError: name 'f_name' is not defined

2023-12-24 15:02:20,492 [ERROR   ] Файл циан 16-12-23 (без дублей).csv не удалось обнаружить для realty
2023-12-24 15:02:20,492 [ERROR   ] Ошибка при обработке файлов из CIAN циан 16-12-23 (без дублей).csv. Перезапуск скрипта...
2023-12-24 15:02:20,549 [INFO    ] обработка файла 23-12-23 (без дублей).csv для авито
2023-12-24 15:03:08,897 [INFO    ] Успешно обработан файл 23-12-23 (без дублей).csv для realty
2023-12-24 15:03:08,961 [INFO    ] Выгрузка в таблицу realty обработанного файла из авито: 23-12-23 (без дублей).csv
2023-12-24 15:03:09,314 [INFO    ] Временная таблица создана
2023-12-24 15:03:14,911 [INFO    ] Загрузка новых объявлений в таблицу
2023-12-24 15:03:15,094 [INFO    ] 180951 существующих и 1828 новых объявлений
2023-12-24 15:03:15,140 [INFO    ] temp таблица очищена, загружаются данные
2023-12-24 15:04:19,524 [INFO    ] обновлена таблица realty
2023-12-24 15:04:21,798 [INFO    ] обновлены районы в таблице realty
2023-12-24 15:04:36,159 [INFO    ] Обновление существующих данных realty завершено
2023-12-24 15:05:10,316 [INFO    ] из новых объяв найдено по адресу 485, запрос в ddt для 613 уник. адресов из 1343
2023-12-24 15:05:10,316 [INFO    ] обновление районов для найденных в realty по адресу новых объявлений:
2023-12-24 15:05:10,699 [INFO    ] обнаружено 250 районов для 361 новых объявлений, найденных по адресу из 485
2023-12-24 15:05:10,717 [INFO    ] 113 районов осталось незаполнено
2023-12-24 15:05:10,718 [INFO    ] переход к обновлению оставшихся (не найденных по адресу) 1343 новых объявлений (613 адресов) для avito
2023-12-24 15:05:10,738 [INFO    ] загрузка данных dadata из /var/www/yadisk_loader/saved_data_csv/avito_dadata_request.csv
2023-12-24 15:05:12,040 [INFO    ] удалось загрузить исторические данные dadata
2023-12-24 15:05:14,052 [INFO    ] количество запросов к dadata составит: 613
2023-12-24 15:05:14,060 [INFO    ] 0%|          | 0/29 [00:00<?, ?it/s]
2023-12-24 15:05:16,141 [INFO    ] 613it [00:02, 294.66it/s]
2023-12-24 15:05:16,141 [INFO    ] 
2023-12-24 15:05:16,141 [INFO    ] dadata con closed succesfully
2023-12-24 15:05:16,142 [INFO    ] обращение к DDT по 590/613 адресам из avito заняло 0:00:05.423283
2023-12-24 15:05:16,153 [INFO    ] обращение к DDT выполнено для 1222/1343 новых объявлений, найден fias для 678
2023-12-24 15:06:22,405 [INFO    ] уникальных троек по h_fias_id, ad_id, d_id, в таблице с районами и houses_jkh_ddt/id: 1222
2023-12-24 15:06:22,409 [INFO    ] выгрузка данных в таблицу realty
2023-12-24 15:06:22,857 [INFO    ] Добавлено районов к объявлениям realty: 195 - было 0 стало 195
2023-12-24 15:06:22,857 [INFO    ] Есть несовпадения районов c jkh, обновление районов в jkh для 0 записей
2023-12-24 15:06:29,199 [INFO    ] Временная таблица temp_jkh_houses создана
2023-12-24 15:06:32,578 [INFO    ] Обновление данных jkh_houses завершено
2023-12-24 15:06:33,722 [INFO    ] все новые объявления добавлены
2023-12-24 15:06:35,827 [INFO    ] Успешно обработан файл 23-12-23 (без дублей).csv для prices
2023-12-24 15:06:35,828 [INFO    ] Выгрузка в таблицу prices обработанного файла из авито: 23-12-23 (без дублей).csv
2023-12-24 15:06:53,918 [INFO    ] данные avito загружены успешно
2023-12-24 15:06:54,373 [INFO    ] Новые данные загружены по файлам ['23-12-23 (без дублей).csv'] из авито и ['циан 16-12-23 (без дублей).csv', 'циан 17-12-23 (без дублей).csv', 'циан 18-12-23 (без дублей).csv', 'циан 19-12-23 (без дублей).csv', 'циан 20-12-23 (без дублей).csv', 'циан 21-12-23 (без дублей).csv', 'циан 22-12-23 (без дублей).csv', 'циан 23-12-23 (без дублей).csv'] из циана за 0:05:18.703206
2023-12-24 15:06:54,479 [INFO    ] HTTP Request: GET https://dadata.ru/api/v2/profile/balance "HTTP/1.1 200 OK"
2023-12-24 15:06:54,484 [INFO    ] сохранение лог-файла
