2023-12-19 15:01:19,066 [INFO    ] Скрипт запущен: 2023-12-19 15:01:19.066622
2023-12-19 15:01:19,144 [INFO    ] Connected (version 2.0, client OpenSSH_7.4p1)
2023-12-19 15:01:19,213 [INFO    ] Authentication (publickey) failed.
2023-12-19 15:01:19,230 [INFO    ] Connected (version 2.0, client OpenSSH_7.4p1)
2023-12-19 15:01:19,329 [INFO    ] Authentication (password) successful!
2023-12-19 15:01:19,331 [INFO    ] connected to host 92.53.64.66 base preprod_nedvizhka_db
2023-12-19 15:01:19,753 [INFO    ] yandex token valid
2023-12-19 15:01:23,393 [INFO    ] Успешно загружено 1 файлов с личного диска: ['18-12-23 (без дублей).csv'] для avito
2023-12-19 15:01:23,587 [INFO    ] yandex token valid
2023-12-19 15:01:29,191 [INFO    ] Успешно загружено 3 файлов с личного диска: ['циан 16-12-23 (без дублей).csv', 'циан 17-12-23 (без дублей).csv', 'циан 18-12-23 (без дублей).csv'] для cian
2023-12-19 15:01:29,191 [INFO    ] ready to process files ['18-12-23 (без дублей).csv'], ['циан 16-12-23 (без дублей).csv', 'циан 17-12-23 (без дублей).csv', 'циан 18-12-23 (без дублей).csv']
2023-12-19 15:01:35,775 [INFO    ] обновлен status_new в таблице realty
2023-12-19 15:01:46,530 [INFO    ] обновлен status_new в таблице prices
2023-12-19 15:01:46,531 [INFO    ] обработка файла циан 16-12-23 (без дублей).csv для cian
2023-12-19 15:01:46,544 [ERROR   ] Traceback (most recent call last):
  File "/var/www/yadisk_loader/main_utils.py", line 972, in process_realty
    saved_file = pd.read_csv(saved_files[f_ind], delimiter=',', encoding='utf8')
  File "/var/www/yadisk_loader/yadisk_venv/lib/python3.9/site-packages/pandas/util/_decorators.py", line 211, in wrapper
    return func(*args, **kwargs)
  File "/var/www/yadisk_loader/yadisk_venv/lib/python3.9/site-packages/pandas/util/_decorators.py", line 331, in wrapper
    return func(*args, **kwargs)
  File "/var/www/yadisk_loader/yadisk_venv/lib/python3.9/site-packages/pandas/io/parsers/readers.py", line 950, in read_csv
    return _read(filepath_or_buffer, kwds)
  File "/var/www/yadisk_loader/yadisk_venv/lib/python3.9/site-packages/pandas/io/parsers/readers.py", line 611, in _read
    return parser.read(nrows)
  File "/var/www/yadisk_loader/yadisk_venv/lib/python3.9/site-packages/pandas/io/parsers/readers.py", line 1778, in read
    ) = self._engine.read(  # type: ignore[attr-defined]
  File "/var/www/yadisk_loader/yadisk_venv/lib/python3.9/site-packages/pandas/io/parsers/c_parser_wrapper.py", line 230, in read
    chunks = self._reader.read_low_memory(nrows)
  File "pandas/_libs/parsers.pyx", line 808, in pandas._libs.parsers.TextReader.read_low_memory
  File "pandas/_libs/parsers.pyx", line 866, in pandas._libs.parsers.TextReader._read_rows
  File "pandas/_libs/parsers.pyx", line 852, in pandas._libs.parsers.TextReader._tokenize_rows
  File "pandas/_libs/parsers.pyx", line 1973, in pandas._libs.parsers.raise_parser_error
pandas.errors.ParserError: Error tokenizing data. C error: Expected 6 fields in line 164, saw 7


During handling of the above exception, another exception occurred:

Traceback (most recent call last):
  File "/var/www/yadisk_loader/main_utils.py", line 976, in process_realty
    saved_file = pd.read_csv(f_name, delimiter=';', encoding='utf8')
NameError: name 'f_name' is not defined

2023-12-19 15:01:46,546 [ERROR   ] Файл циан 16-12-23 (без дублей).csv не удалось обнаружить для realty
2023-12-19 15:01:46,546 [ERROR   ] Ошибка при обработке файлов из CIAN циан 16-12-23 (без дублей).csv. Перезапуск скрипта...
2023-12-19 15:01:46,596 [INFO    ] обработка файла 18-12-23 (без дублей).csv для авито
2023-12-19 15:02:35,191 [INFO    ] Успешно обработан файл 18-12-23 (без дублей).csv для realty
2023-12-19 15:02:35,241 [INFO    ] Выгрузка в таблицу realty обработанного файла из авито: 18-12-23 (без дублей).csv
2023-12-19 15:02:35,586 [INFO    ] Временная таблица создана
2023-12-19 15:02:42,003 [INFO    ] Загрузка новых объявлений в таблицу
2023-12-19 15:02:42,183 [INFO    ] 180610 существующих и 2227 новых объявлений
2023-12-19 15:02:42,187 [INFO    ] temp таблица очищена, загружаются данные
2023-12-19 15:04:01,893 [INFO    ] обновлена таблица realty
2023-12-19 15:04:04,329 [INFO    ] обновлены районы в таблице realty
2023-12-19 15:04:13,689 [INFO    ] Обновление существующих данных realty завершено
2023-12-19 15:04:51,186 [INFO    ] из новых объяв найдено по адресу 863, запрос в ddt для 843 уник. адресов из 1364
2023-12-19 15:04:51,187 [INFO    ] обновление районов для найденных в realty по адресу новых объявлений:
2023-12-19 15:04:51,538 [INFO    ] обнаружено 443 районов для 690 новых объявлений, найденных по адресу из 863
2023-12-19 15:04:51,560 [INFO    ] 256 районов осталось незаполнено
2023-12-19 15:04:51,562 [INFO    ] переход к обновлению оставшихся (не найденных по адресу) 1364 новых объявлений (843 адресов) для avito
2023-12-19 15:04:51,587 [INFO    ] загрузка данных dadata из /var/www/yadisk_loader/saved_data_csv/avito_dadata_request.csv
2023-12-19 15:04:52,954 [INFO    ] удалось загрузить исторические данные dadata
2023-12-19 15:04:54,966 [INFO    ] количество запросов к dadata составит: 843
2023-12-19 15:04:54,986 [INFO    ] 0%|          | 0/47 [00:00<?, ?it/s]
2023-12-19 15:04:57,882 [INFO    ] 843it [00:02, 291.08it/s]
2023-12-19 15:04:57,882 [INFO    ] 
2023-12-19 15:04:57,882 [INFO    ] dadata con closed succesfully
2023-12-19 15:04:57,883 [INFO    ] обращение к DDT по 802/843 адресам из avito заняло 0:00:06.321422
2023-12-19 15:04:57,895 [INFO    ] обращение к DDT выполнено для 1264/1364 новых объявлений, найден fias для 895
2023-12-19 15:06:11,185 [INFO    ] уникальных троек по h_fias_id, ad_id, d_id, в таблице с районами и houses_jkh_ddt/id: 1264
2023-12-19 15:06:11,188 [INFO    ] выгрузка данных в таблицу realty
2023-12-19 15:06:11,627 [INFO    ] Добавлено районов к объявлениям realty: 168 - было 0 стало 168
2023-12-19 15:06:11,627 [INFO    ] Есть несовпадения районов c jkh, обновление районов в jkh для 0 записей
2023-12-19 15:06:18,057 [INFO    ] Временная таблица temp_jkh_houses создана
2023-12-19 15:06:21,425 [INFO    ] Обновление данных jkh_houses завершено
2023-12-19 15:06:22,443 [INFO    ] все новые объявления добавлены
2023-12-19 15:06:24,709 [INFO    ] Успешно обработан файл 18-12-23 (без дублей).csv для prices
2023-12-19 15:06:24,710 [INFO    ] Выгрузка в таблицу prices обработанного файла из авито: 18-12-23 (без дублей).csv
2023-12-19 15:06:44,586 [INFO    ] данные avito загружены успешно
2023-12-19 15:06:44,940 [INFO    ] Новые данные загружены по файлам ['18-12-23 (без дублей).csv'] из авито и ['циан 16-12-23 (без дублей).csv', 'циан 17-12-23 (без дублей).csv', 'циан 18-12-23 (без дублей).csv'] из циана за 0:05:25.873588
2023-12-19 15:06:45,037 [INFO    ] HTTP Request: GET https://dadata.ru/api/v2/profile/balance "HTTP/1.1 200 OK"
2023-12-19 15:06:45,040 [INFO    ] сохранение лог-файла
