2023-12-22 15:01:04,701 [INFO    ] Скрипт запущен: 2023-12-22 15:01:04.701760
2023-12-22 15:01:04,764 [INFO    ] Connected (version 2.0, client OpenSSH_7.4p1)
2023-12-22 15:01:04,824 [INFO    ] Authentication (publickey) failed.
2023-12-22 15:01:04,828 [INFO    ] Connected (version 2.0, client OpenSSH_7.4p1)
2023-12-22 15:01:04,882 [INFO    ] Authentication (password) successful!
2023-12-22 15:01:04,883 [INFO    ] connected to host 92.53.64.66 base preprod_nedvizhka_db
2023-12-22 15:01:05,015 [INFO    ] yandex token valid
2023-12-22 15:01:08,407 [INFO    ] Успешно загружено 1 файлов с личного диска: ['21-12-23 (без дублей).csv'] для avito
2023-12-22 15:01:08,853 [INFO    ] yandex token valid
2023-12-22 15:01:23,374 [INFO    ] Успешно загружено 6 файлов с личного диска: ['циан 16-12-23 (без дублей).csv', 'циан 17-12-23 (без дублей).csv', 'циан 18-12-23 (без дублей).csv', 'циан 19-12-23 (без дублей).csv', 'циан 20-12-23 (без дублей).csv', 'циан 21-12-23 (без дублей).csv'] для cian
2023-12-22 15:01:23,374 [INFO    ] ready to process files ['21-12-23 (без дублей).csv'], ['циан 16-12-23 (без дублей).csv', 'циан 17-12-23 (без дублей).csv', 'циан 18-12-23 (без дублей).csv', 'циан 19-12-23 (без дублей).csv', 'циан 20-12-23 (без дублей).csv', 'циан 21-12-23 (без дублей).csv']
2023-12-22 15:01:44,601 [INFO    ] обновлен status_new в таблице realty
2023-12-22 15:01:58,459 [INFO    ] обновлен status_new в таблице prices
2023-12-22 15:01:58,460 [INFO    ] обработка файла циан 16-12-23 (без дублей).csv для cian
2023-12-22 15:01:58,476 [ERROR   ] Traceback (most recent call last):
  File "/var/www/yadisk_loader/main_utils.py", line 972, in process_realty
    saved_file = pd.read_csv(saved_files[f_ind], delimiter=',', encoding='utf8')
  File "/var/www/yadisk_loader/yadisk_venv/lib/python3.9/site-packages/pandas/util/_decorators.py", line 211, in wrapper
    return func(*args, **kwargs)
  File "/var/www/yadisk_loader/yadisk_venv/lib/python3.9/site-packages/pandas/util/_decorators.py", line 331, in wrapper
    return func(*args, **kwargs)
  File "/var/www/yadisk_loader/yadisk_venv/lib/python3.9/site-packages/pandas/io/parsers/readers.py", line 950, in read_csv
    return _read(filepath_or_buffer, kwds)
  File "/var/www/yadisk_loader/yadisk_venv/lib/python3.9/site-packages/pandas/io/parsers/readers.py", line 611, in _read
    return parser.read(nrows)
  File "/var/www/yadisk_loader/yadisk_venv/lib/python3.9/site-packages/pandas/io/parsers/readers.py", line 1778, in read
    ) = self._engine.read(  # type: ignore[attr-defined]
  File "/var/www/yadisk_loader/yadisk_venv/lib/python3.9/site-packages/pandas/io/parsers/c_parser_wrapper.py", line 230, in read
    chunks = self._reader.read_low_memory(nrows)
  File "pandas/_libs/parsers.pyx", line 808, in pandas._libs.parsers.TextReader.read_low_memory
  File "pandas/_libs/parsers.pyx", line 866, in pandas._libs.parsers.TextReader._read_rows
  File "pandas/_libs/parsers.pyx", line 852, in pandas._libs.parsers.TextReader._tokenize_rows
  File "pandas/_libs/parsers.pyx", line 1973, in pandas._libs.parsers.raise_parser_error
pandas.errors.ParserError: Error tokenizing data. C error: Expected 6 fields in line 164, saw 7


During handling of the above exception, another exception occurred:

Traceback (most recent call last):
  File "/var/www/yadisk_loader/main_utils.py", line 976, in process_realty
    saved_file = pd.read_csv(f_name, delimiter=';', encoding='utf8')
NameError: name 'f_name' is not defined

2023-12-22 15:01:58,477 [ERROR   ] Файл циан 16-12-23 (без дублей).csv не удалось обнаружить для realty
2023-12-22 15:01:58,477 [ERROR   ] Ошибка при обработке файлов из CIAN циан 16-12-23 (без дублей).csv. Перезапуск скрипта...
2023-12-22 15:01:58,524 [INFO    ] обработка файла 21-12-23 (без дублей).csv для авито
2023-12-22 15:02:46,557 [INFO    ] Успешно обработан файл 21-12-23 (без дублей).csv для realty
2023-12-22 15:02:46,620 [INFO    ] Выгрузка в таблицу realty обработанного файла из авито: 21-12-23 (без дублей).csv
2023-12-22 15:02:46,982 [INFO    ] Временная таблица создана
2023-12-22 15:02:51,928 [INFO    ] Загрузка новых объявлений в таблицу
2023-12-22 15:02:52,113 [INFO    ] 178817 существующих и 4944 новых объявлений
2023-12-22 15:02:52,160 [INFO    ] temp таблица очищена, загружаются данные
2023-12-22 15:04:03,714 [INFO    ] обновлена таблица realty
2023-12-22 15:04:06,617 [INFO    ] обновлены районы в таблице realty
2023-12-22 15:04:15,401 [INFO    ] Обновление существующих данных realty завершено
2023-12-22 15:04:52,167 [INFO    ] из новых объяв найдено по адресу 1101, запрос в ddt для 864 уник. адресов из 3843
2023-12-22 15:04:52,168 [INFO    ] обновление районов для найденных в realty по адресу новых объявлений:
2023-12-22 15:04:52,548 [INFO    ] обнаружено 397 районов для 634 новых объявлений, найденных по адресу из 1101
2023-12-22 15:04:52,567 [INFO    ] 245 районов осталось незаполнено
2023-12-22 15:04:52,569 [INFO    ] переход к обновлению оставшихся (не найденных по адресу) 3843 новых объявлений (864 адресов) для avito
2023-12-22 15:04:52,588 [INFO    ] загрузка данных dadata из /var/www/yadisk_loader/saved_data_csv/avito_dadata_request.csv
2023-12-22 15:04:53,896 [INFO    ] удалось загрузить исторические данные dadata
2023-12-22 15:04:55,910 [INFO    ] количество запросов к dadata составит: 864
2023-12-22 15:04:55,919 [INFO    ] 0%|          | 0/67 [00:00<?, ?it/s]
2023-12-22 15:04:58,808 [INFO    ] 864it [00:02, 299.08it/s]
2023-12-22 15:04:58,808 [INFO    ] 
2023-12-22 15:04:58,808 [INFO    ] dadata con closed succesfully
2023-12-22 15:04:58,809 [INFO    ] обращение к DDT по 804/864 адресам из avito заняло 0:00:06.240151
2023-12-22 15:04:58,825 [INFO    ] обращение к DDT выполнено для 3474/3843 новых объявлений, найден fias для 1637
2023-12-22 15:06:07,312 [INFO    ] уникальных троек по h_fias_id, ad_id, d_id, в таблице с районами и houses_jkh_ddt/id: 3474
2023-12-22 15:06:07,314 [INFO    ] выгрузка данных в таблицу realty
2023-12-22 15:06:08,549 [INFO    ] Добавлено районов к объявлениям realty: 161 - было 0 стало 161
2023-12-22 15:06:08,549 [INFO    ] Есть несовпадения районов c jkh, обновление районов в jkh для 0 записей
2023-12-22 15:06:15,033 [INFO    ] Временная таблица temp_jkh_houses создана
2023-12-22 15:06:18,459 [INFO    ] Обновление данных jkh_houses завершено
2023-12-22 15:06:20,528 [INFO    ] все новые объявления добавлены
2023-12-22 15:06:22,753 [INFO    ] Успешно обработан файл 21-12-23 (без дублей).csv для prices
2023-12-22 15:06:22,753 [INFO    ] Выгрузка в таблицу prices обработанного файла из авито: 21-12-23 (без дублей).csv
2023-12-22 15:06:40,839 [INFO    ] данные avito загружены успешно
2023-12-22 15:06:41,380 [INFO    ] Новые данные загружены по файлам ['21-12-23 (без дублей).csv'] из авито и ['циан 16-12-23 (без дублей).csv', 'циан 17-12-23 (без дублей).csv', 'циан 18-12-23 (без дублей).csv', 'циан 19-12-23 (без дублей).csv', 'циан 20-12-23 (без дублей).csv', 'циан 21-12-23 (без дублей).csv'] из циана за 0:05:36.678807
2023-12-22 15:06:41,482 [INFO    ] HTTP Request: GET https://dadata.ru/api/v2/profile/balance "HTTP/1.1 200 OK"
2023-12-22 15:06:41,487 [INFO    ] сохранение лог-файла
